EESchema (2007-11-29-a)  >> Creation date: 23/11/2011-09:35:24

#Cmp ( order = Reference )
| C1         24pF        
| C10        1uF         
| C11        1uF         
| C12        1uF         
| C13        0.1 uF      
| C14        0.1 uF      
| C15        1uF         
| C16        1uF         
| C17        1uF         
| C3         24pF        
| C4         1uF         
| C5         680Pf       
| C6         680Pf       
| C7         100nF       
| C8         100nF       
| C9         1uF         
| D1         LED         
| D2         LED         
| IC1        ATMEGA32U4  
| IC2        AD8313      
| K1         CONN_3      
| K2         CONN_3      
| P1         CONN_5      
| P2         CONN_4      
| P3         CONN_5      
| Q1         2n3904      
| Q2         2N3904      
| R1         330         
| R10        4.7k        
| R11        10K         
| R12        15K         
| R13        2.7K        
| R14        2.7K        
| R15        330         
| R16        10K         
| R2         22          
| R3         22          
| R4         47k         
| R5         47k         
| R6         10R         
| R7         51R         
| R8         10R         
| R9         4.7K        
| SW1        RESET       
| SW2        HWB         
| U1         USBCONN     
| U2         MC33269     
| U3         MAX232      
| U4         74LS04      
| X1         8MHz        
#End Cmp

#End List
