EESchema (2007-11-29-a)  >> Creation date: 23/11/2011-09:35:10

#Cmp ( order = Reference )
| 3v1        ADR433      
| C1         1uF         
| C10        10uF        
| C11        0.1uF       
| C12        10uF        
| C13        0.1uF       
| C14        10uF        
| C15        10uF        
| C16        0.47uF      
| C17        10uF        
| C18        0.47uF      
| C19        1uF         
| C2         1uF         
| C3         24pF        
| C4         24pF        
| C5         1uF         
| C6         0.1uF       
| C7         10uF        
| C8         1uF         
| C9         0.1uF       
| D1         LED         
| D2         LED         
| IC1        ATMEGA32U4  
| K1         CONN_3      
| K2         CONN_3      
| P1         CONN_5      
| P2         CONN_2      
| P4         CONN_2      
| R1         330         
| R10        1M          
| R11        10K         
| R12        3M          
| R13        20k         
| R14        1k          
| R15        100k        
| R16        20k         
| R17        1k          
| R18        100k        
| R2         330         
| R3         4.7k        
| R4         22          
| R5         22          
| R6         47k         
| R7         200k        
| R8         47k         
| R9         470K        
| SW1        RESET       
| SW2        HWB         
| U1         USBCONN     
| U2         AD5933      
| U3         OPA336      
| U4         MC33269     
| U5         LM358       
| U6         AD5262      
| X1         8MHz        
#End Cmp

#End List
