66
,0.78
65
,0.79
68
,0.8
64
,0.8
65
,0.81
66
,0.81
62
,0.81
66
,0.81
65
,0.82
67
,0.82
67
,0.82
67
,0.83
66
,0.83
65
,0.83
63
,0.83
64
,0.83
66
,0.83
67
,0.83
66
,0.83
64
,0.83
67
,0.83
67
,0.83
62
,0.83
64
,0.83
68
,0.83
63
,0.84
63
,0.84
63
,0.84
65
,0.84
67
,0.84
65
,0.84
64
,0.84
68
,0.84
67
,0.84
64
,0.84
63
,0.84
64
,0.85
67
,0.85
64
,0.85
63
,0.85
63
,0.85
65
,0.85
67
,0.85
66
,0.85
67
,0.85
66
,0.86
66
,0.86
62
,0.86
66
,0.86
67
,0.86
67
,0.86
63
,0.86
64
,0.87
62
,0.87
64
,0.87
63
,0.87
66
,0.87
67
,0.87
68
,0.87
66
,0.87
63
,0.87
63
,0.88
63
,0.88
65
,0.88
67
,0.88
66
,0.88
63
,0.88
67
,0.88
67
,0.89
66
,0.89
62
,0.89
66
,0.89
66
,0.89
66
,0.89
64
,0.89
63
,0.89
68
,0.9
66
,0.9
67
,0.9
64
,0.9
64
,0.9
66
,0.9
67
,0.9
67
,0.9
66
,0.91
64
,0.91
64
,0.91
67
,0.91
67
,0.91
64
,0.91
64
,0.91
65
,0.91
68
,0.92
62
,0.92
64
,0.92
66
,0.92
63
,0.92
63
,0.92
65
,0.92
67
,0.92
66
,0.92
67
,0.93
65
,0.93
64
,0.93
65
,0.93
68
,0.93
62
,0.94
64
,0.95
65
,0.95
67
,0.95
64
,0.95
64
,0.95
64
,0.95
66
,0.96
66
,0.96
67
,0.96
62
,0.96
64
,0.96
66
,0.96
64
,0.96
63
,0.96
63
,0.96
64
,0.96
66
,0.96
67
,0.96
65
,0.96
65
,0.96
63
,0.96
64
,0.96
66
,0.96
67
,0.96
67
,0.96
66
,0.97
66
,0.97
62
,0.97
66
,0.97
65
,0.98
66
,0.98
66
,0.99
63
,0.99
62
,0.99
63
,1.0
66
,1.0
66
,1.0
63
,1.0
64
,1.01
64
,1.01
67
,1.01
64
,1.01
63
,1.01
65
,1.02
66
,1.02
66
,1.02
62
,1.02
65
,1.02
66
,1.02
66
,1.02
64
,1.02
63
,1.02
62
,1.02
64
,1.03
61
,1.03
60
,1.03
60
,1.04
60
,1.04
58
,1.04
59
,1.04
86
,1.04
274
,1.05
671
,1.05
1103
,1.06
1423
,1.06
1957
,1.06
3847
,1.08
5579
,1.08
7326
,1.09
8412
,1.09
9505
,1.09
10581
,1.1
11553
,1.1
12650
,1.1
13621
,1.11
14350
,1.11
15026
,1.11
15615
,1.12
16303
,1.12
16909
,1.12
17513
,1.12
18034
,1.12
18556
,1.12
19093
,1.12
19552
,1.12
19940
,1.12
20275
,1.13
20569
,1.13
20842
,1.13
21179
,1.13
21400
,1.13
21627
,1.13
21762
,1.13
21957
,1.13
22071
,1.13
22096
,1.13
22347
,1.13
22500
,1.13
22601
,1.13
22720
,1.14
22761
,1.14
22879
,1.14
22980
,1.14
23122
,1.14
23179
,1.14
23272
,1.14
23270
,1.14
23419
,1.14
23469
,1.14
23535
,1.14
23538
,1.14
23598
,1.14
23555
,1.14
23680
,1.15
23750
,1.15
23796
,1.15
23821
,1.15
23907
,1.15
23903
,1.15
23960
,1.15
24000
,1.15
24073
,1.15
24058
,1.15
24122
,1.15
24141
,1.15
24146
,1.15
24180
,1.15
24151
,1.16
24208
,1.16
24275
,1.16
24246
,1.16
24259
,1.17
24287
,1.17
24341
,1.17
24333
,1.17
24358
,1.17
24288
,1.17
24320
,1.17
24337
,1.17
24363
,1.17
24354
,1.17
24378
,1.17
24449
,1.17
24455
,1.17
24463
,1.17
24473
,1.17
24495
,1.17
24498
,1.17
24529
,1.17
24536
,1.17
24570
,1.18
24571
,1.18
24579
,1.18
24559
,1.18
24589
,1.18
24569
,1.18
24589
,1.19
24575
,1.19
24601
,1.19
24577
,1.19
24611
,1.19
24595
,1.19
24607
,1.19
24620
,1.19
24638
,1.19
24631
,1.2
24666
,1.2
24669
,1.2
24701
,1.2
24680
,1.21
24718
,1.21
24716
,1.21
24743
,1.21
24743
,1.21
24747
,1.21
24741
,1.21
24742
,1.21
24730
,1.21
24734
,1.22
24731
,1.22
24743
,1.22
24726
,1.22
24741
,1.22
24732
,1.22
24745
,1.22
24741
,1.22
24751
,1.23
24758
,1.23
24767
,1.23
24765
,1.23
24735
,1.24
24745
,1.24
24817
,1.25
24807
,1.26
24812
,1.26
24821
,1.26
24849
,1.27
24847
,1.27
24826
,1.27
24773
,1.28
24772
,1.28
24751
,1.29
24777
,1.29
24790
,1.31
24807
,1.31
24799
,1.32
24776
,1.32
24797
,1.32
24804
,1.33
24828
,1.33
24848
,1.33
24838
,1.33
24821
,1.34
24826
,1.34
24866
,1.34
24870
,1.34
24877
,1.34
24880
,1.35
24892
,1.35
24888
,1.35
24860
,1.35
24878
,1.36
24868
,1.36
24852
,1.36
24858
,1.36
24853
,1.36
24858
,1.36
24861
,1.36
24854
,1.37
24837
,1.37
24864
,1.37
24867
,1.37
24878
,1.37
24872
,1.38
24826
,1.38
16472
,1.38
74
,1.38
58
,1.38
63
,1.38
65
,1.38
61
,1.38
63
,1.38
66
,1.38
66
,1.38
65
,1.38
64
,1.38
64
,1.38
63
,1.38
63
,1.38
64
,1.38
68
,1.39
68
,1.39
68
,1.39
63
,1.39
64
,1.39
68
,1.39
63
,1.39
63
,1.39
65
,1.39
67
,1.39
67
,1.39
67
,1.4
65
,1.4
64
,1.4
64
,1.4
66
,1.4
68
,1.4
67
,1.4
67
,1.4
62
,1.4
64
,1.4
66
,1.4
67
,1.4
64
,1.4
64
,1.4
64
,1.4
65
,1.4
67
,1.4
67
,1.41
63
,1.41
63
,1.41
65
,1.41
68
,1.42
67
,1.42
64
,1.42
63
,1.42
64
,1.42
66
,1.42
67
,1.42
64
,1.42
64
,1.42
63
,1.42
64
,1.43
64
,1.43
67
,1.43
64
,1.43
64
,1.44
64
,1.44
68
,1.44
67
,1.44
66
,1.44
64
,1.44
64
,1.44
63
,1.44
67
,1.44
66
,1.44
65
,1.44
63
,1.44
66
,1.44
67
,1.44
67
,1.44
